[2026-04-29T03:14:47] BASELINE_RECALC ip=N/A | condition=recalculation | rate=N/A | baseline=1.00 | stddev=0.50 | samples=0
[2026-04-29T03:15:47] BASELINE_RECALC ip=N/A | condition=recalculation | rate=N/A | baseline=1.00 | stddev=0.50 | samples=0
[2026-04-29T03:16:47] BASELINE_RECALC ip=N/A | condition=recalculation | rate=N/A | baseline=1.00 | stddev=0.50 | samples=4
[2026-04-29T03:17:47] BASELINE_RECALC ip=N/A | condition=recalculation | rate=N/A | baseline=1.00 | stddev=0.50 | samples=4
[2026-04-29T03:18:47] BASELINE_RECALC ip=N/A | condition=recalculation | rate=N/A | baseline=1.00 | stddev=0.50 | samples=4
[2026-04-29T03:19:47] BASELINE_RECALC ip=N/A | condition=recalculation | rate=N/A | baseline=1.00 | stddev=0.50 | samples=4
[2026-04-29T03:20:47] BASELINE_RECALC ip=N/A | condition=recalculation | rate=N/A | baseline=1.00 | stddev=0.50 | samples=4
[2026-04-29T03:21:47] BASELINE_RECALC ip=N/A | condition=recalculation | rate=N/A | baseline=1.00 | stddev=0.50 | samples=15
[2026-04-29T03:22:47] BASELINE_RECALC ip=N/A | condition=recalculation | rate=N/A | baseline=5.96 | stddev=6.41 | samples=29
[2026-04-29T03:23:47] BASELINE_RECALC ip=N/A | condition=recalculation | rate=N/A | baseline=5.06 | stddev=6.07 | samples=32
[2026-04-29T03:24:47] BASELINE_RECALC ip=N/A | condition=recalculation | rate=N/A | baseline=5.06 | stddev=6.07 | samples=34
[2026-04-29T03:25:47] BASELINE_RECALC ip=N/A | condition=recalculation | rate=N/A | baseline=4.80 | stddev=5.87 | samples=36
[2026-04-29T03:26:47] BASELINE_RECALC ip=N/A | condition=recalculation | rate=N/A | baseline=4.80 | stddev=5.87 | samples=38
[2026-04-29T03:27:47] BASELINE_RECALC ip=N/A | condition=recalculation | rate=N/A | baseline=4.46 | stddev=5.65 | samples=40
[2026-04-29T03:28:47] BASELINE_RECALC ip=N/A | condition=recalculation | rate=N/A | baseline=4.34 | stddev=5.54 | samples=41
[2026-04-29T03:29:47] BASELINE_RECALC ip=N/A | condition=recalculation | rate=N/A | baseline=4.34 | stddev=5.54 | samples=42
[2026-04-29T03:30:47] BASELINE_RECALC ip=N/A | condition=recalculation | rate=N/A | baseline=4.23 | stddev=5.43 | samples=43
[2026-04-29T03:31:47] BASELINE_RECALC ip=N/A | condition=recalculation | rate=N/A | baseline=4.13 | stddev=5.33 | samples=45
[2026-04-29T03:32:47] BASELINE_RECALC ip=N/A | condition=recalculation | rate=N/A | baseline=4.13 | stddev=5.33 | samples=47
[2026-04-29T03:33:47] BASELINE_RECALC ip=N/A | condition=recalculation | rate=N/A | baseline=3.98 | stddev=5.19 | samples=49
[2026-04-29T03:34:47] BASELINE_RECALC ip=N/A | condition=recalculation | rate=N/A | baseline=3.82 | stddev=5.08 | samples=52
[2026-04-29T03:35:47] BASELINE_RECALC ip=N/A | condition=recalculation | rate=N/A | baseline=3.70 | stddev=4.96 | samples=58
[2026-04-29T03:36:47] BASELINE_RECALC ip=N/A | condition=recalculation | rate=N/A | baseline=3.00 | stddev=4.37 | samples=79
[2026-04-29T03:37:47] BASELINE_RECALC ip=N/A | condition=recalculation | rate=N/A | baseline=3.05 | stddev=3.84 | samples=114
[2026-04-29T03:38:47] BASELINE_RECALC ip=N/A | condition=recalculation | rate=N/A | baseline=3.29 | stddev=3.07 | samples=174
[2026-04-29T03:39:47] BASELINE_RECALC ip=N/A | condition=recalculation | rate=N/A | baseline=3.29 | stddev=3.07 | samples=191
[2026-04-29T03:40:47] BASELINE_RECALC ip=N/A | condition=recalculation | rate=N/A | baseline=3.34 | stddev=2.82 | samples=192
[2026-04-29T03:41:47] BASELINE_RECALC ip=N/A | condition=recalculation | rate=N/A | baseline=3.34 | stddev=2.81 | samples=193
[2026-04-29T03:43:12] BASELINE_RECALC ip=N/A | condition=recalculation | rate=N/A | baseline=1.00 | stddev=0.50 | samples=3
[2026-04-29T03:44:12] BASELINE_RECALC ip=N/A | condition=recalculation | rate=N/A | baseline=1.00 | stddev=0.50 | samples=4
[2026-04-29T03:45:12] BASELINE_RECALC ip=N/A | condition=recalculation | rate=N/A | baseline=1.00 | stddev=0.50 | samples=5
[2026-04-29T03:46:12] BASELINE_RECALC ip=N/A | condition=recalculation | rate=N/A | baseline=1.00 | stddev=0.50 | samples=45
[2026-04-29T03:47:12] BASELINE_RECALC ip=N/A | condition=recalculation | rate=N/A | baseline=3.97 | stddev=1.26 | samples=104
[2026-04-29T03:48:12] BASELINE_RECALC ip=N/A | condition=recalculation | rate=N/A | baseline=3.97 | stddev=1.26 | samples=120
[2026-04-29T03:49:12] BASELINE_RECALC ip=N/A | condition=recalculation | rate=N/A | baseline=3.88 | stddev=1.08 | samples=121
[2026-04-29T03:50:12] BASELINE_RECALC ip=N/A | condition=recalculation | rate=N/A | baseline=3.88 | stddev=1.08 | samples=122
[2026-04-29T03:51:12] BASELINE_RECALC ip=N/A | condition=recalculation | rate=N/A | baseline=3.88 | stddev=1.08 | samples=123
[2026-04-29T03:52:36] BASELINE_RECALC ip=N/A | condition=recalculation | rate=N/A | baseline=1.00 | stddev=0.50 | samples=2
[2026-04-29T03:53:36] BASELINE_RECALC ip=N/A | condition=recalculation | rate=N/A | baseline=1.00 | stddev=0.50 | samples=3
[2026-04-29T03:54:36] BASELINE_RECALC ip=N/A | condition=recalculation | rate=N/A | baseline=1.00 | stddev=0.50 | samples=4
[2026-04-29T03:55:36] BASELINE_RECALC ip=N/A | condition=recalculation | rate=N/A | baseline=1.00 | stddev=0.50 | samples=5
[2026-04-29T03:56:36] BASELINE_RECALC ip=N/A | condition=recalculation | rate=N/A | baseline=1.00 | stddev=0.50 | samples=6
[2026-04-29T03:57:36] BASELINE_RECALC ip=N/A | condition=recalculation | rate=N/A | baseline=13.79 | stddev=13.03 | samples=43
[2026-04-29T03:58:36] BASELINE_RECALC ip=N/A | condition=recalculation | rate=N/A | baseline=17.64 | stddev=11.92 | samples=58
[2026-04-29T03:59:36] BASELINE_RECALC ip=N/A | condition=recalculation | rate=N/A | baseline=17.64 | stddev=11.92 | samples=59
[2026-04-29T04:00:36] BASELINE_RECALC ip=N/A | condition=recalculation | rate=N/A | baseline=17.15 | stddev=12.01 | samples=99
[2026-04-29T04:01:36] BASELINE_RECALC ip=N/A | condition=recalculation | rate=N/A | baseline=20.32 | stddev=11.48 | samples=100
[2026-04-29T04:04:50] BASELINE_RECALC ip=N/A | condition=recalculation | rate=N/A | baseline=1.00 | stddev=0.50 | samples=1
[2026-04-29T04:05:50] BASELINE_RECALC ip=N/A | condition=recalculation | rate=N/A | baseline=1.00 | stddev=0.50 | samples=2
[2026-04-29T04:06:50] BASELINE_RECALC ip=N/A | condition=recalculation | rate=N/A | baseline=1.00 | stddev=0.50 | samples=3
[2026-04-29T04:07:50] BASELINE_RECALC ip=N/A | condition=recalculation | rate=N/A | baseline=1.00 | stddev=0.50 | samples=4
[2026-04-29T04:08:50] BASELINE_RECALC ip=N/A | condition=recalculation | rate=N/A | baseline=1.00 | stddev=0.50 | samples=6
[2026-04-29T04:09:50] BASELINE_RECALC ip=N/A | condition=recalculation | rate=N/A | baseline=1.00 | stddev=0.50 | samples=7
[2026-04-29T04:10:50] BASELINE_RECALC ip=N/A | condition=recalculation | rate=N/A | baseline=1.00 | stddev=0.50 | samples=9
[2026-04-29T04:11:50] BASELINE_RECALC ip=N/A | condition=recalculation | rate=N/A | baseline=2.40 | stddev=1.36 | samples=10
[2026-04-29T04:12:50] BASELINE_RECALC ip=N/A | condition=recalculation | rate=N/A | baseline=2.45 | stddev=1.30 | samples=12
[2026-04-29T04:13:50] BASELINE_RECALC ip=N/A | condition=recalculation | rate=N/A | baseline=6.45 | stddev=6.96 | samples=52
[2026-04-29T04:14:50] BASELINE_RECALC ip=N/A | condition=recalculation | rate=N/A | baseline=10.30 | stddev=8.20 | samples=110
[2026-04-29T04:15:50] BASELINE_RECALC ip=N/A | condition=recalculation | rate=N/A | baseline=10.30 | stddev=8.20 | samples=137
[2026-04-29T04:16:50] BASELINE_RECALC ip=N/A | condition=recalculation | rate=N/A | baseline=7.54 | stddev=7.53 | samples=138
[2026-04-29T04:17:50] BASELINE_RECALC ip=N/A | condition=recalculation | rate=N/A | baseline=7.51 | stddev=7.52 | samples=140
[2026-04-29T04:19:21] BASELINE_RECALC ip=N/A | condition=recalculation | rate=N/A | baseline=1.00 | stddev=0.50 | samples=2
[2026-04-29T04:20:21] BASELINE_RECALC ip=N/A | condition=recalculation | rate=N/A | baseline=1.00 | stddev=0.50 | samples=3
[2026-04-29T04:21:21] BASELINE_RECALC ip=N/A | condition=recalculation | rate=N/A | baseline=1.00 | stddev=0.50 | samples=4
[2026-04-29T04:22:21] BASELINE_RECALC ip=N/A | condition=recalculation | rate=N/A | baseline=1.00 | stddev=0.50 | samples=7
[2026-04-29T04:23:59] BASELINE_RECALC ip=N/A | condition=recalculation | rate=N/A | baseline=1.00 | stddev=0.50 | samples=2
[2026-04-29T04:24:59] BASELINE_RECALC ip=N/A | condition=recalculation | rate=N/A | baseline=1.00 | stddev=0.50 | samples=3
[2026-04-29T04:26:46] BASELINE_RECALC ip=N/A | condition=recalculation | rate=N/A | baseline=0.10 | stddev=0.10 | samples=1
[2026-04-29T04:27:46] BASELINE_RECALC ip=N/A | condition=recalculation | rate=N/A | baseline=0.10 | stddev=0.10 | samples=3
[2026-04-29T04:28:46] BASELINE_RECALC ip=N/A | condition=recalculation | rate=N/A | baseline=52.00 | stddev=85.45 | samples=5
[2026-04-29T04:29:46] BASELINE_RECALC ip=N/A | condition=recalculation | rate=N/A | baseline=35.17 | stddev=73.72 | samples=6
[2026-04-29T04:30:46] BASELINE_RECALC ip=N/A | condition=recalculation | rate=N/A | baseline=30.57 | stddev=69.17 | samples=7
[2026-04-29T04:31:46] BASELINE_RECALC ip=N/A | condition=recalculation | rate=N/A | baseline=30.57 | stddev=69.17 | samples=9
[2026-04-29T04:32:46] BASELINE_RECALC ip=N/A | condition=recalculation | rate=N/A | baseline=22.00 | stddev=59.34 | samples=11
[2026-04-29T04:33:46] BASELINE_RECALC ip=N/A | condition=recalculation | rate=N/A | baseline=17.38 | stddev=52.72 | samples=13
[2026-04-29T04:34:46] BASELINE_RECALC ip=N/A | condition=recalculation | rate=N/A | baseline=14.44 | stddev=47.92 | samples=16
[2026-04-29T04:35:46] BASELINE_RECALC ip=N/A | condition=recalculation | rate=N/A | baseline=12.94 | stddev=45.37 | samples=18
[2026-04-29T04:36:46] BASELINE_RECALC ip=N/A | condition=recalculation | rate=N/A | baseline=12.94 | stddev=45.37 | samples=19
[2026-04-29T04:37:46] BASELINE_RECALC ip=N/A | condition=recalculation | rate=N/A | baseline=11.90 | stddev=43.16 | samples=33
[2026-04-29T04:38:46] BASELINE_RECALC ip=N/A | condition=recalculation | rate=N/A | baseline=15.11 | stddev=23.38 | samples=89
[2026-04-29T04:39:46] BASELINE_RECALC ip=N/A | condition=recalculation | rate=N/A | baseline=15.11 | stddev=23.38 | samples=123
[2026-04-29T04:40:46] BASELINE_RECALC ip=N/A | condition=recalculation | rate=N/A | baseline=10.07 | stddev=19.23 | samples=124
[2026-04-29T04:41:46] BASELINE_RECALC ip=N/A | condition=recalculation | rate=N/A | baseline=10.07 | stddev=19.23 | samples=125
[2026-04-29T04:42:46] BASELINE_RECALC ip=N/A | condition=recalculation | rate=N/A | baseline=9.96 | stddev=19.10 | samples=127
[2026-04-29T04:44:05] BASELINE_RECALC ip=N/A | condition=recalculation | rate=N/A | baseline=0.10 | stddev=0.10 | samples=1
[2026-04-29T04:45:05] BASELINE_RECALC ip=N/A | condition=recalculation | rate=N/A | baseline=0.10 | stddev=0.10 | samples=3
[2026-04-29T04:46:05] BASELINE_RECALC ip=N/A | condition=recalculation | rate=N/A | baseline=18.17 | stddev=38.93 | samples=62
[2026-04-29T04:47:05] BASELINE_RECALC ip=N/A | condition=recalculation | rate=N/A | baseline=13.17 | stddev=22.31 | samples=121
[2026-04-29T04:48:05] BASELINE_RECALC ip=N/A | condition=recalculation | rate=N/A | baseline=9.74 | stddev=18.95 | samples=125
[2026-04-29T04:49:05] BASELINE_RECALC ip=N/A | condition=recalculation | rate=N/A | baseline=9.74 | stddev=18.95 | samples=126
[2026-04-29T04:50:05] BASELINE_RECALC ip=N/A | condition=recalculation | rate=N/A | baseline=9.61 | stddev=18.83 | samples=128
[2026-04-29T04:51:05] BASELINE_RECALC ip=N/A | condition=recalculation | rate=N/A | baseline=9.49 | stddev=18.71 | samples=129
[2026-04-29T04:52:05] BASELINE_RECALC ip=N/A | condition=recalculation | rate=N/A | baseline=9.44 | stddev=18.64 | samples=130
[2026-04-29T04:52:43] BAN ip=102.89.40.38 | condition=zscore | rate=1 | baseline=0.10 | duration=600s
[2026-04-29T04:53:43] BASELINE_RECALC ip=N/A | condition=recalculation | rate=N/A | baseline=0.10 | stddev=0.10 | samples=1
[2026-04-29T04:54:43] BASELINE_RECALC ip=N/A | condition=recalculation | rate=N/A | baseline=0.10 | stddev=0.10 | samples=39
[2026-04-29T04:55:43] BASELINE_RECALC ip=N/A | condition=recalculation | rate=N/A | baseline=15.63 | stddev=24.59 | samples=98
[2026-04-29T04:56:43] BASELINE_RECALC ip=N/A | condition=recalculation | rate=N/A | baseline=10.25 | stddev=18.76 | samples=118
[2026-04-29T04:57:43] BASELINE_RECALC ip=N/A | condition=recalculation | rate=N/A | baseline=10.11 | stddev=18.63 | samples=121
[2026-04-29T04:58:43] BASELINE_RECALC ip=N/A | condition=recalculation | rate=N/A | baseline=9.98 | stddev=18.50 | samples=122
[2026-04-29T04:59:43] BASELINE_RECALC ip=N/A | condition=recalculation | rate=N/A | baseline=9.86 | stddev=18.38 | samples=124
[2026-04-29T05:00:43] BASELINE_RECALC ip=N/A | condition=recalculation | rate=N/A | baseline=9.86 | stddev=18.38 | samples=125
[2026-04-29T05:01:43] BASELINE_RECALC ip=N/A | condition=recalculation | rate=N/A | baseline=9.75 | stddev=18.25 | samples=126
[2026-04-29T05:02:43] BASELINE_RECALC ip=N/A | condition=recalculation | rate=N/A | baseline=9.69 | stddev=18.19 | samples=128
[2026-04-29T05:03:13] UNBAN ip=102.89.40.38 | condition=zscore | rate=1 | baseline=0.10 | duration=expired
[2026-04-29T05:03:43] BASELINE_RECALC ip=N/A | condition=recalculation | rate=N/A | baseline=9.47 | stddev=17.88 | samples=132
[2026-04-29T05:04:43] BASELINE_RECALC ip=N/A | condition=recalculation | rate=N/A | baseline=9.36 | stddev=17.77 | samples=134
[2026-04-29T05:05:43] BASELINE_RECALC ip=N/A | condition=recalculation | rate=N/A | baseline=9.36 | stddev=17.77 | samples=135
[2026-04-29T05:06:43] BASELINE_RECALC ip=N/A | condition=recalculation | rate=N/A | baseline=9.26 | stddev=17.66 | samples=136
[2026-04-29T05:07:43] BASELINE_RECALC ip=N/A | condition=recalculation | rate=N/A | baseline=9.26 | stddev=17.66 | samples=136
[2026-04-29T05:08:43] BASELINE_RECALC ip=N/A | condition=recalculation | rate=N/A | baseline=9.26 | stddev=17.66 | samples=136
[2026-04-29T05:09:43] BASELINE_RECALC ip=N/A | condition=recalculation | rate=N/A | baseline=9.26 | stddev=17.66 | samples=136
[2026-04-29T05:10:43] BASELINE_RECALC ip=N/A | condition=recalculation | rate=N/A | baseline=9.26 | stddev=17.66 | samples=136
[2026-04-29T05:11:43] BASELINE_RECALC ip=N/A | condition=recalculation | rate=N/A | baseline=9.26 | stddev=17.66 | samples=136
[2026-04-29T05:12:43] BASELINE_RECALC ip=N/A | condition=recalculation | rate=N/A | baseline=9.26 | stddev=17.66 | samples=136
[2026-04-29T05:13:43] BASELINE_RECALC ip=N/A | condition=recalculation | rate=N/A | baseline=9.26 | stddev=17.66 | samples=136
[2026-04-29T05:14:43] BASELINE_RECALC ip=N/A | condition=recalculation | rate=N/A | baseline=9.26 | stddev=17.66 | samples=136
[2026-04-29T05:15:43] BASELINE_RECALC ip=N/A | condition=recalculation | rate=N/A | baseline=9.26 | stddev=17.66 | samples=136
[2026-04-29T05:16:43] BASELINE_RECALC ip=N/A | condition=recalculation | rate=N/A | baseline=9.26 | stddev=17.66 | samples=136
[2026-04-29T05:17:43] BASELINE_RECALC ip=N/A | condition=recalculation | rate=N/A | baseline=9.26 | stddev=17.66 | samples=136
[2026-04-29T05:18:43] BASELINE_RECALC ip=N/A | condition=recalculation | rate=N/A | baseline=9.26 | stddev=17.66 | samples=136
[2026-04-29T05:19:43] BASELINE_RECALC ip=N/A | condition=recalculation | rate=N/A | baseline=9.20 | stddev=17.61 | samples=138
[2026-04-29T05:20:43] BASELINE_RECALC ip=N/A | condition=recalculation | rate=N/A | baseline=9.20 | stddev=17.61 | samples=138
[2026-04-29T05:21:43] BASELINE_RECALC ip=N/A | condition=recalculation | rate=N/A | baseline=9.20 | stddev=17.61 | samples=138
[2026-04-29T05:22:43] BASELINE_RECALC ip=N/A | condition=recalculation | rate=N/A | baseline=9.20 | stddev=17.61 | samples=138
[2026-04-29T05:23:43] BASELINE_RECALC ip=N/A | condition=recalculation | rate=N/A | baseline=9.20 | stddev=17.61 | samples=138
[2026-04-29T05:24:43] BASELINE_RECALC ip=N/A | condition=recalculation | rate=N/A | baseline=9.20 | stddev=17.61 | samples=138
[2026-04-29T05:25:43] BASELINE_RECALC ip=N/A | condition=recalculation | rate=N/A | baseline=9.20 | stddev=17.61 | samples=138
[2026-04-29T05:26:43] BASELINE_RECALC ip=N/A | condition=recalculation | rate=N/A | baseline=9.20 | stddev=17.61 | samples=138
[2026-04-29T05:27:43] BASELINE_RECALC ip=N/A | condition=recalculation | rate=N/A | baseline=9.20 | stddev=17.61 | samples=138
[2026-04-29T05:28:43] BASELINE_RECALC ip=N/A | condition=recalculation | rate=N/A | baseline=9.20 | stddev=17.61 | samples=138
[2026-04-29T05:29:43] BASELINE_RECALC ip=N/A | condition=recalculation | rate=N/A | baseline=9.20 | stddev=17.61 | samples=138
[2026-04-29T05:30:43] BASELINE_RECALC ip=N/A | condition=recalculation | rate=N/A | baseline=9.20 | stddev=17.61 | samples=138
[2026-04-29T05:31:43] BASELINE_RECALC ip=N/A | condition=recalculation | rate=N/A | baseline=9.20 | stddev=17.61 | samples=138
[2026-04-29T05:32:43] BASELINE_RECALC ip=N/A | condition=recalculation | rate=N/A | baseline=9.20 | stddev=17.61 | samples=138
[2026-04-29T05:33:43] BASELINE_RECALC ip=N/A | condition=recalculation | rate=N/A | baseline=9.20 | stddev=17.61 | samples=138
[2026-04-29T05:34:43] BASELINE_RECALC ip=N/A | condition=recalculation | rate=N/A | baseline=9.20 | stddev=17.61 | samples=138
[2026-04-29T05:35:43] BASELINE_RECALC ip=N/A | condition=recalculation | rate=N/A | baseline=9.20 | stddev=17.61 | samples=138
[2026-04-29T05:36:43] BASELINE_RECALC ip=N/A | condition=recalculation | rate=N/A | baseline=9.20 | stddev=17.61 | samples=138
[2026-04-29T05:37:43] BASELINE_RECALC ip=N/A | condition=recalculation | rate=N/A | baseline=9.20 | stddev=17.61 | samples=138
[2026-04-29T05:38:43] BASELINE_RECALC ip=N/A | condition=recalculation | rate=N/A | baseline=9.20 | stddev=17.61 | samples=138
[2026-04-29T05:39:43] BASELINE_RECALC ip=N/A | condition=recalculation | rate=N/A | baseline=9.20 | stddev=17.61 | samples=138
[2026-04-29T05:40:43] BASELINE_RECALC ip=N/A | condition=recalculation | rate=N/A | baseline=9.20 | stddev=17.61 | samples=138
[2026-04-29T05:41:43] BASELINE_RECALC ip=N/A | condition=recalculation | rate=N/A | baseline=9.20 | stddev=17.61 | samples=138
[2026-04-29T05:42:43] BASELINE_RECALC ip=N/A | condition=recalculation | rate=N/A | baseline=9.20 | stddev=17.61 | samples=138
[2026-04-29T05:43:43] BASELINE_RECALC ip=N/A | condition=recalculation | rate=N/A | baseline=9.20 | stddev=17.61 | samples=138
[2026-04-29T05:44:43] BASELINE_RECALC ip=N/A | condition=recalculation | rate=N/A | baseline=9.20 | stddev=17.61 | samples=138
[2026-04-29T05:45:43] BASELINE_RECALC ip=N/A | condition=recalculation | rate=N/A | baseline=9.20 | stddev=17.61 | samples=138
[2026-04-29T05:46:43] BASELINE_RECALC ip=N/A | condition=recalculation | rate=N/A | baseline=9.20 | stddev=17.61 | samples=138
[2026-04-29T05:47:43] BASELINE_RECALC ip=N/A | condition=recalculation | rate=N/A | baseline=9.08 | stddev=17.51 | samples=144
[2026-04-29T05:48:43] BASELINE_RECALC ip=N/A | condition=recalculation | rate=N/A | baseline=9.08 | stddev=17.51 | samples=144
[2026-04-29T05:49:43] BASELINE_RECALC ip=N/A | condition=recalculation | rate=N/A | baseline=9.08 | stddev=17.51 | samples=144
[2026-04-29T05:50:43] BASELINE_RECALC ip=N/A | condition=recalculation | rate=N/A | baseline=9.08 | stddev=17.51 | samples=144
[2026-04-29T05:51:43] BASELINE_RECALC ip=N/A | condition=recalculation | rate=N/A | baseline=9.08 | stddev=17.51 | samples=144
[2026-04-29T05:52:43] BASELINE_RECALC ip=N/A | condition=recalculation | rate=N/A | baseline=9.08 | stddev=17.51 | samples=144
[2026-04-29T05:53:43] BASELINE_RECALC ip=N/A | condition=recalculation | rate=N/A | baseline=9.08 | stddev=17.51 | samples=144
[2026-04-29T05:54:43] BASELINE_RECALC ip=N/A | condition=recalculation | rate=N/A | baseline=9.08 | stddev=17.51 | samples=144
[2026-04-29T05:55:43] BASELINE_RECALC ip=N/A | condition=recalculation | rate=N/A | baseline=9.08 | stddev=17.51 | samples=144
[2026-04-29T05:56:43] BASELINE_RECALC ip=N/A | condition=recalculation | rate=N/A | baseline=9.08 | stddev=17.51 | samples=144
[2026-04-29T05:57:43] BASELINE_RECALC ip=N/A | condition=recalculation | rate=N/A | baseline=9.08 | stddev=17.51 | samples=144
[2026-04-29T05:58:43] BASELINE_RECALC ip=N/A | condition=recalculation | rate=N/A | baseline=8.77 | stddev=17.21 | samples=146
[2026-04-29T05:59:43] BASELINE_RECALC ip=N/A | condition=recalculation | rate=N/A | baseline=8.77 | stddev=17.21 | samples=146
[2026-04-29T06:00:43] BASELINE_RECALC ip=N/A | condition=recalculation | rate=N/A | baseline=8.77 | stddev=17.21 | samples=146
[2026-04-29T06:01:43] BASELINE_RECALC ip=N/A | condition=recalculation | rate=N/A | baseline=8.77 | stddev=17.21 | samples=146
[2026-04-29T06:02:43] BASELINE_RECALC ip=N/A | condition=recalculation | rate=N/A | baseline=8.77 | stddev=17.21 | samples=146
[2026-04-29T06:03:43] BASELINE_RECALC ip=N/A | condition=recalculation | rate=N/A | baseline=8.77 | stddev=17.21 | samples=146
[2026-04-29T06:04:43] BASELINE_RECALC ip=N/A | condition=recalculation | rate=N/A | baseline=8.77 | stddev=17.21 | samples=146
[2026-04-29T06:05:43] BASELINE_RECALC ip=N/A | condition=recalculation | rate=N/A | baseline=8.77 | stddev=17.21 | samples=146
[2026-04-29T06:06:43] BASELINE_RECALC ip=N/A | condition=recalculation | rate=N/A | baseline=8.77 | stddev=17.21 | samples=146
[2026-04-29T06:07:43] BASELINE_RECALC ip=N/A | condition=recalculation | rate=N/A | baseline=8.77 | stddev=17.21 | samples=146
[2026-04-29T06:08:43] BASELINE_RECALC ip=N/A | condition=recalculation | rate=N/A | baseline=8.77 | stddev=17.21 | samples=146
[2026-04-29T06:09:43] BASELINE_RECALC ip=N/A | condition=recalculation | rate=N/A | baseline=8.77 | stddev=17.21 | samples=146
[2026-04-29T06:10:43] BASELINE_RECALC ip=N/A | condition=recalculation | rate=N/A | baseline=8.77 | stddev=17.21 | samples=146
[2026-04-29T06:11:43] BASELINE_RECALC ip=N/A | condition=recalculation | rate=N/A | baseline=8.77 | stddev=17.21 | samples=146
[2026-04-29T06:12:43] BASELINE_RECALC ip=N/A | condition=recalculation | rate=N/A | baseline=8.77 | stddev=17.21 | samples=146
[2026-04-29T06:13:43] BASELINE_RECALC ip=N/A | condition=recalculation | rate=N/A | baseline=8.77 | stddev=17.21 | samples=146
[2026-04-29T06:14:43] BASELINE_RECALC ip=N/A | condition=recalculation | rate=N/A | baseline=8.77 | stddev=17.21 | samples=146
[2026-04-29T06:15:43] BASELINE_RECALC ip=N/A | condition=recalculation | rate=N/A | baseline=8.77 | stddev=17.21 | samples=146
[2026-04-29T06:16:43] BASELINE_RECALC ip=N/A | condition=recalculation | rate=N/A | baseline=8.77 | stddev=17.21 | samples=146
[2026-04-29T06:17:43] BASELINE_RECALC ip=N/A | condition=recalculation | rate=N/A | baseline=8.77 | stddev=17.21 | samples=146
[2026-04-29T06:18:43] BASELINE_RECALC ip=N/A | condition=recalculation | rate=N/A | baseline=8.77 | stddev=17.21 | samples=146
[2026-04-29T06:19:43] BASELINE_RECALC ip=N/A | condition=recalculation | rate=N/A | baseline=8.77 | stddev=17.21 | samples=146
[2026-04-29T06:20:43] BASELINE_RECALC ip=N/A | condition=recalculation | rate=N/A | baseline=8.77 | stddev=17.21 | samples=146
[2026-04-29T06:21:43] BASELINE_RECALC ip=N/A | condition=recalculation | rate=N/A | baseline=8.77 | stddev=17.21 | samples=146
[2026-04-29T06:22:43] BASELINE_RECALC ip=N/A | condition=recalculation | rate=N/A | baseline=8.77 | stddev=17.21 | samples=146
[2026-04-29T06:23:43] BASELINE_RECALC ip=N/A | condition=recalculation | rate=N/A | baseline=8.77 | stddev=17.21 | samples=146
[2026-04-29T06:24:43] BASELINE_RECALC ip=N/A | condition=recalculation | rate=N/A | baseline=8.77 | stddev=17.21 | samples=146
[2026-04-29T06:25:43] BASELINE_RECALC ip=N/A | condition=recalculation | rate=N/A | baseline=8.77 | stddev=17.21 | samples=146
[2026-04-29T06:26:43] BASELINE_RECALC ip=N/A | condition=recalculation | rate=N/A | baseline=8.77 | stddev=17.21 | samples=146
[2026-04-29T06:27:43] BASELINE_RECALC ip=N/A | condition=recalculation | rate=N/A | baseline=8.77 | stddev=17.21 | samples=146
[2026-04-29T06:28:43] BASELINE_RECALC ip=N/A | condition=recalculation | rate=N/A | baseline=8.77 | stddev=17.21 | samples=146
[2026-04-29T06:29:43] BASELINE_RECALC ip=N/A | condition=recalculation | rate=N/A | baseline=8.77 | stddev=17.21 | samples=146
[2026-04-29T06:30:43] BASELINE_RECALC ip=N/A | condition=recalculation | rate=N/A | baseline=8.77 | stddev=17.21 | samples=146
[2026-04-29T06:31:43] BASELINE_RECALC ip=N/A | condition=recalculation | rate=N/A | baseline=8.77 | stddev=17.21 | samples=146
[2026-04-29T06:32:43] BASELINE_RECALC ip=N/A | condition=recalculation | rate=N/A | baseline=8.77 | stddev=17.21 | samples=146
[2026-04-29T06:33:43] BASELINE_RECALC ip=N/A | condition=recalculation | rate=N/A | baseline=8.77 | stddev=17.21 | samples=146
[2026-04-29T06:34:43] BASELINE_RECALC ip=N/A | condition=recalculation | rate=N/A | baseline=8.77 | stddev=17.21 | samples=146
[2026-04-29T06:35:43] BASELINE_RECALC ip=N/A | condition=recalculation | rate=N/A | baseline=8.77 | stddev=17.21 | samples=146
[2026-04-29T06:36:43] BASELINE_RECALC ip=N/A | condition=recalculation | rate=N/A | baseline=8.77 | stddev=17.21 | samples=146
[2026-04-29T06:37:43] BASELINE_RECALC ip=N/A | condition=recalculation | rate=N/A | baseline=8.77 | stddev=17.21 | samples=146
[2026-04-29T06:38:43] BASELINE_RECALC ip=N/A | condition=recalculation | rate=N/A | baseline=8.77 | stddev=17.21 | samples=146
[2026-04-29T06:39:43] BASELINE_RECALC ip=N/A | condition=recalculation | rate=N/A | baseline=8.66 | stddev=17.12 | samples=147
[2026-04-29T06:40:43] BASELINE_RECALC ip=N/A | condition=recalculation | rate=N/A | baseline=8.66 | stddev=17.12 | samples=147
[2026-04-29T06:41:43] BASELINE_RECALC ip=N/A | condition=recalculation | rate=N/A | baseline=8.66 | stddev=17.12 | samples=147
[2026-04-29T06:42:43] BASELINE_RECALC ip=N/A | condition=recalculation | rate=N/A | baseline=8.66 | stddev=17.12 | samples=147
[2026-04-29T06:43:43] BASELINE_RECALC ip=N/A | condition=recalculation | rate=N/A | baseline=8.66 | stddev=17.12 | samples=147
[2026-04-29T06:44:43] BASELINE_RECALC ip=N/A | condition=recalculation | rate=N/A | baseline=8.66 | stddev=17.12 | samples=147
[2026-04-29T06:45:43] BASELINE_RECALC ip=N/A | condition=recalculation | rate=N/A | baseline=8.66 | stddev=17.12 | samples=147
[2026-04-29T06:46:43] BASELINE_RECALC ip=N/A | condition=recalculation | rate=N/A | baseline=8.66 | stddev=17.12 | samples=147
[2026-04-29T06:47:43] BASELINE_RECALC ip=N/A | condition=recalculation | rate=N/A | baseline=8.66 | stddev=17.12 | samples=147
[2026-04-29T06:48:43] BASELINE_RECALC ip=N/A | condition=recalculation | rate=N/A | baseline=8.66 | stddev=17.12 | samples=147
[2026-04-29T06:49:43] BASELINE_RECALC ip=N/A | condition=recalculation | rate=N/A | baseline=8.66 | stddev=17.12 | samples=147
[2026-04-29T06:50:43] BASELINE_RECALC ip=N/A | condition=recalculation | rate=N/A | baseline=8.66 | stddev=17.12 | samples=147
[2026-04-29T06:51:43] BASELINE_RECALC ip=N/A | condition=recalculation | rate=N/A | baseline=8.66 | stddev=17.12 | samples=147
[2026-04-29T06:52:43] BASELINE_RECALC ip=N/A | condition=recalculation | rate=N/A | baseline=8.66 | stddev=17.12 | samples=147
[2026-04-29T06:53:43] BASELINE_RECALC ip=N/A | condition=recalculation | rate=N/A | baseline=8.66 | stddev=17.12 | samples=147
[2026-04-29T06:54:43] BASELINE_RECALC ip=N/A | condition=recalculation | rate=N/A | baseline=8.66 | stddev=17.12 | samples=147
[2026-04-29T06:55:43] BASELINE_RECALC ip=N/A | condition=recalculation | rate=N/A | baseline=8.66 | stddev=17.12 | samples=147
[2026-04-29T06:56:43] BASELINE_RECALC ip=N/A | condition=recalculation | rate=N/A | baseline=8.66 | stddev=17.12 | samples=147
[2026-04-29T06:57:43] BASELINE_RECALC ip=N/A | condition=recalculation | rate=N/A | baseline=8.66 | stddev=17.12 | samples=147
[2026-04-29T06:58:43] BASELINE_RECALC ip=N/A | condition=recalculation | rate=N/A | baseline=8.66 | stddev=17.12 | samples=147
[2026-04-29T06:59:43] BASELINE_RECALC ip=N/A | condition=recalculation | rate=N/A | baseline=8.66 | stddev=17.12 | samples=147
[2026-04-29T07:00:43] BASELINE_RECALC ip=N/A | condition=recalculation | rate=N/A | baseline=8.66 | stddev=17.12 | samples=147
[2026-04-29T07:01:43] BASELINE_RECALC ip=N/A | condition=recalculation | rate=N/A | baseline=8.66 | stddev=17.12 | samples=147
[2026-04-29T07:02:43] BASELINE_RECALC ip=N/A | condition=recalculation | rate=N/A | baseline=8.66 | stddev=17.12 | samples=147
[2026-04-29T07:03:43] BASELINE_RECALC ip=N/A | condition=recalculation | rate=N/A | baseline=8.66 | stddev=17.12 | samples=147
[2026-04-29T07:04:43] BASELINE_RECALC ip=N/A | condition=recalculation | rate=N/A | baseline=8.66 | stddev=17.12 | samples=147
[2026-04-29T07:05:43] BASELINE_RECALC ip=N/A | condition=recalculation | rate=N/A | baseline=8.66 | stddev=17.12 | samples=147
[2026-04-29T07:06:43] BASELINE_RECALC ip=N/A | condition=recalculation | rate=N/A | baseline=8.66 | stddev=17.12 | samples=147
[2026-04-29T07:07:43] BASELINE_RECALC ip=N/A | condition=recalculation | rate=N/A | baseline=8.66 | stddev=17.12 | samples=147
[2026-04-29T07:08:43] BASELINE_RECALC ip=N/A | condition=recalculation | rate=N/A | baseline=8.66 | stddev=17.12 | samples=147
[2026-04-29T07:09:43] BASELINE_RECALC ip=N/A | condition=recalculation | rate=N/A | baseline=8.66 | stddev=17.12 | samples=147
[2026-04-29T07:10:43] BASELINE_RECALC ip=N/A | condition=recalculation | rate=N/A | baseline=8.66 | stddev=17.12 | samples=147
[2026-04-29T07:11:43] BASELINE_RECALC ip=N/A | condition=recalculation | rate=N/A | baseline=8.66 | stddev=17.12 | samples=147
[2026-04-29T07:12:43] BASELINE_RECALC ip=N/A | condition=recalculation | rate=N/A | baseline=8.66 | stddev=17.12 | samples=147
[2026-04-29T07:13:43] BASELINE_RECALC ip=N/A | condition=recalculation | rate=N/A | baseline=8.66 | stddev=17.12 | samples=147
[2026-04-29T07:14:43] BASELINE_RECALC ip=N/A | condition=recalculation | rate=N/A | baseline=8.66 | stddev=17.12 | samples=147
[2026-04-29T07:15:43] BASELINE_RECALC ip=N/A | condition=recalculation | rate=N/A | baseline=8.66 | stddev=17.12 | samples=147
[2026-04-29T07:16:43] BASELINE_RECALC ip=N/A | condition=recalculation | rate=N/A | baseline=8.66 | stddev=17.12 | samples=147
[2026-04-29T07:17:43] BASELINE_RECALC ip=N/A | condition=recalculation | rate=N/A | baseline=8.66 | stddev=17.12 | samples=147
[2026-04-29T07:18:43] BASELINE_RECALC ip=N/A | condition=recalculation | rate=N/A | baseline=8.66 | stddev=17.12 | samples=147
[2026-04-29T07:19:43] BASELINE_RECALC ip=N/A | condition=recalculation | rate=N/A | baseline=8.66 | stddev=17.12 | samples=147
[2026-04-29T07:20:43] BASELINE_RECALC ip=N/A | condition=recalculation | rate=N/A | baseline=8.66 | stddev=17.12 | samples=147
[2026-04-29T07:21:43] BASELINE_RECALC ip=N/A | condition=recalculation | rate=N/A | baseline=8.66 | stddev=17.12 | samples=147
[2026-04-29T07:22:43] BASELINE_RECALC ip=N/A | condition=recalculation | rate=N/A | baseline=8.66 | stddev=17.12 | samples=147
[2026-04-29T07:23:43] BASELINE_RECALC ip=N/A | condition=recalculation | rate=N/A | baseline=8.66 | stddev=17.12 | samples=147
[2026-04-29T07:24:43] BASELINE_RECALC ip=N/A | condition=recalculation | rate=N/A | baseline=8.66 | stddev=17.12 | samples=147
[2026-04-29T07:25:43] BASELINE_RECALC ip=N/A | condition=recalculation | rate=N/A | baseline=8.66 | stddev=17.12 | samples=147
[2026-04-29T07:26:43] BASELINE_RECALC ip=N/A | condition=recalculation | rate=N/A | baseline=8.66 | stddev=17.12 | samples=147
[2026-04-29T07:27:43] BASELINE_RECALC ip=N/A | condition=recalculation | rate=N/A | baseline=8.66 | stddev=17.12 | samples=147
[2026-04-29T07:28:43] BASELINE_RECALC ip=N/A | condition=recalculation | rate=N/A | baseline=8.66 | stddev=17.12 | samples=147
[2026-04-29T07:29:43] BASELINE_RECALC ip=N/A | condition=recalculation | rate=N/A | baseline=8.66 | stddev=17.12 | samples=147
[2026-04-29T07:30:43] BASELINE_RECALC ip=N/A | condition=recalculation | rate=N/A | baseline=8.66 | stddev=17.12 | samples=147
[2026-04-29T07:31:43] BASELINE_RECALC ip=N/A | condition=recalculation | rate=N/A | baseline=8.66 | stddev=17.12 | samples=147
[2026-04-29T07:32:43] BASELINE_RECALC ip=N/A | condition=recalculation | rate=N/A | baseline=8.66 | stddev=17.12 | samples=147
[2026-04-29T07:33:43] BASELINE_RECALC ip=N/A | condition=recalculation | rate=N/A | baseline=8.61 | stddev=17.07 | samples=148
[2026-04-29T07:34:43] BASELINE_RECALC ip=N/A | condition=recalculation | rate=N/A | baseline=8.61 | stddev=17.07 | samples=148
[2026-04-29T07:35:43] BASELINE_RECALC ip=N/A | condition=recalculation | rate=N/A | baseline=8.56 | stddev=17.02 | samples=149
[2026-04-29T07:36:43] BASELINE_RECALC ip=N/A | condition=recalculation | rate=N/A | baseline=8.56 | stddev=17.02 | samples=149
[2026-04-29T07:37:43] BASELINE_RECALC ip=N/A | condition=recalculation | rate=N/A | baseline=8.56 | stddev=17.02 | samples=149
[2026-04-29T07:38:43] BASELINE_RECALC ip=N/A | condition=recalculation | rate=N/A | baseline=8.56 | stddev=17.02 | samples=149
[2026-04-29T07:39:43] BASELINE_RECALC ip=N/A | condition=recalculation | rate=N/A | baseline=8.56 | stddev=17.02 | samples=149
[2026-04-29T07:40:43] BASELINE_RECALC ip=N/A | condition=recalculation | rate=N/A | baseline=8.56 | stddev=17.02 | samples=149
[2026-04-29T07:41:43] BASELINE_RECALC ip=N/A | condition=recalculation | rate=N/A | baseline=8.56 | stddev=17.02 | samples=149
[2026-04-29T07:42:43] BASELINE_RECALC ip=N/A | condition=recalculation | rate=N/A | baseline=8.56 | stddev=17.02 | samples=149
[2026-04-29T07:43:43] BASELINE_RECALC ip=N/A | condition=recalculation | rate=N/A | baseline=8.56 | stddev=17.02 | samples=149
[2026-04-29T07:44:43] BASELINE_RECALC ip=N/A | condition=recalculation | rate=N/A | baseline=8.56 | stddev=17.02 | samples=149
[2026-04-29T07:45:43] BASELINE_RECALC ip=N/A | condition=recalculation | rate=N/A | baseline=8.56 | stddev=17.02 | samples=149
[2026-04-29T07:46:43] BASELINE_RECALC ip=N/A | condition=recalculation | rate=N/A | baseline=8.56 | stddev=17.02 | samples=149
[2026-04-29T07:47:43] BASELINE_RECALC ip=N/A | condition=recalculation | rate=N/A | baseline=8.56 | stddev=17.02 | samples=149
[2026-04-29T07:48:43] BASELINE_RECALC ip=N/A | condition=recalculation | rate=N/A | baseline=8.51 | stddev=16.98 | samples=150
[2026-04-29T07:49:43] BASELINE_RECALC ip=N/A | condition=recalculation | rate=N/A | baseline=8.51 | stddev=16.98 | samples=150
[2026-04-29T07:50:43] BASELINE_RECALC ip=N/A | condition=recalculation | rate=N/A | baseline=8.51 | stddev=16.98 | samples=150
[2026-04-29T07:51:43] BASELINE_RECALC ip=N/A | condition=recalculation | rate=N/A | baseline=8.51 | stddev=16.98 | samples=150
[2026-04-29T07:52:43] BASELINE_RECALC ip=N/A | condition=recalculation | rate=N/A | baseline=8.51 | stddev=16.98 | samples=150
[2026-04-29T07:53:43] BASELINE_RECALC ip=N/A | condition=recalculation | rate=N/A | baseline=8.51 | stddev=16.98 | samples=150
[2026-04-29T07:54:43] BASELINE_RECALC ip=N/A | condition=recalculation | rate=N/A | baseline=8.51 | stddev=16.98 | samples=150
[2026-04-29T07:55:43] BASELINE_RECALC ip=N/A | condition=recalculation | rate=N/A | baseline=8.51 | stddev=16.98 | samples=150
[2026-04-29T07:56:43] BASELINE_RECALC ip=N/A | condition=recalculation | rate=N/A | baseline=8.51 | stddev=16.98 | samples=150
[2026-04-29T07:57:43] BASELINE_RECALC ip=N/A | condition=recalculation | rate=N/A | baseline=8.51 | stddev=16.98 | samples=150
[2026-04-29T07:58:43] BASELINE_RECALC ip=N/A | condition=recalculation | rate=N/A | baseline=8.51 | stddev=16.98 | samples=150
[2026-04-29T07:59:43] BASELINE_RECALC ip=N/A | condition=recalculation | rate=N/A | baseline=8.51 | stddev=16.98 | samples=150
[2026-04-29T08:00:43] BASELINE_RECALC ip=N/A | condition=recalculation | rate=N/A | baseline=8.51 | stddev=16.98 | samples=150
[2026-04-29T08:01:43] BASELINE_RECALC ip=N/A | condition=recalculation | rate=N/A | baseline=8.51 | stddev=16.98 | samples=150
[2026-04-29T08:02:43] BASELINE_RECALC ip=N/A | condition=recalculation | rate=N/A | baseline=8.51 | stddev=16.98 | samples=150
[2026-04-29T08:03:43] BASELINE_RECALC ip=N/A | condition=recalculation | rate=N/A | baseline=8.51 | stddev=16.98 | samples=150
[2026-04-29T08:04:43] BASELINE_RECALC ip=N/A | condition=recalculation | rate=N/A | baseline=8.51 | stddev=16.98 | samples=150
[2026-04-29T08:05:43] BASELINE_RECALC ip=N/A | condition=recalculation | rate=N/A | baseline=8.51 | stddev=16.98 | samples=150
[2026-04-29T08:06:43] BASELINE_RECALC ip=N/A | condition=recalculation | rate=N/A | baseline=8.51 | stddev=16.98 | samples=150
[2026-04-29T08:07:43] BASELINE_RECALC ip=N/A | condition=recalculation | rate=N/A | baseline=8.51 | stddev=16.98 | samples=150
[2026-04-29T08:08:43] BASELINE_RECALC ip=N/A | condition=recalculation | rate=N/A | baseline=8.48 | stddev=16.92 | samples=151
[2026-04-29T08:09:43] BASELINE_RECALC ip=N/A | condition=recalculation | rate=N/A | baseline=8.48 | stddev=16.92 | samples=151
[2026-04-29T08:10:43] BASELINE_RECALC ip=N/A | condition=recalculation | rate=N/A | baseline=8.48 | stddev=16.92 | samples=151
[2026-04-29T08:11:43] BASELINE_RECALC ip=N/A | condition=recalculation | rate=N/A | baseline=8.48 | stddev=16.92 | samples=151
[2026-04-29T08:12:43] BASELINE_RECALC ip=N/A | condition=recalculation | rate=N/A | baseline=8.45 | stddev=16.87 | samples=152
[2026-04-29T08:13:43] BASELINE_RECALC ip=N/A | condition=recalculation | rate=N/A | baseline=8.45 | stddev=16.87 | samples=152
[2026-04-29T08:14:43] BASELINE_RECALC ip=N/A | condition=recalculation | rate=N/A | baseline=8.45 | stddev=16.87 | samples=152
[2026-04-29T08:15:43] BASELINE_RECALC ip=N/A | condition=recalculation | rate=N/A | baseline=8.45 | stddev=16.87 | samples=152
[2026-04-29T08:16:43] BASELINE_RECALC ip=N/A | condition=recalculation | rate=N/A | baseline=8.45 | stddev=16.87 | samples=152
[2026-04-29T08:17:43] BASELINE_RECALC ip=N/A | condition=recalculation | rate=N/A | baseline=8.45 | stddev=16.87 | samples=152
[2026-04-29T08:18:43] BASELINE_RECALC ip=N/A | condition=recalculation | rate=N/A | baseline=8.45 | stddev=16.87 | samples=152
[2026-04-29T08:19:43] BASELINE_RECALC ip=N/A | condition=recalculation | rate=N/A | baseline=8.45 | stddev=16.87 | samples=152
[2026-04-29T08:20:43] BASELINE_RECALC ip=N/A | condition=recalculation | rate=N/A | baseline=8.45 | stddev=16.87 | samples=152
[2026-04-29T08:21:43] BASELINE_RECALC ip=N/A | condition=recalculation | rate=N/A | baseline=8.45 | stddev=16.87 | samples=152
[2026-04-29T08:22:43] BASELINE_RECALC ip=N/A | condition=recalculation | rate=N/A | baseline=8.45 | stddev=16.87 | samples=152
[2026-04-29T08:23:43] BASELINE_RECALC ip=N/A | condition=recalculation | rate=N/A | baseline=8.45 | stddev=16.87 | samples=152
[2026-04-29T08:24:43] BASELINE_RECALC ip=N/A | condition=recalculation | rate=N/A | baseline=8.40 | stddev=16.83 | samples=155
[2026-04-29T08:25:17] BAN ip=41.86.151.122 | condition=rate_multiplier | rate=16 | baseline=8.40 | duration=600s
[2026-04-29T08:25:43] BASELINE_RECALC ip=N/A | condition=recalculation | rate=N/A | baseline=7.51 | stddev=15.96 | samples=175
[2026-04-29T08:26:43] BASELINE_RECALC ip=N/A | condition=recalculation | rate=N/A | baseline=7.51 | stddev=15.96 | samples=193
[2026-04-29T08:27:43] BASELINE_RECALC ip=N/A | condition=recalculation | rate=N/A | baseline=6.84 | stddev=15.25 | samples=194
[2026-04-29T08:28:43] BASELINE_RECALC ip=N/A | condition=recalculation | rate=N/A | baseline=6.84 | stddev=15.25 | samples=195
[2026-04-29T08:29:43] BASELINE_RECALC ip=N/A | condition=recalculation | rate=N/A | baseline=6.78 | stddev=15.18 | samples=196
[2026-04-29T08:30:43] BASELINE_RECALC ip=N/A | condition=recalculation | rate=N/A | baseline=6.75 | stddev=15.15 | samples=204
[2026-04-29T08:31:43] BASELINE_RECALC ip=N/A | condition=recalculation | rate=N/A | baseline=8.47 | stddev=14.93 | samples=258
[2026-04-29T08:32:43] BASELINE_RECALC ip=N/A | condition=recalculation | rate=N/A | baseline=8.47 | stddev=14.93 | samples=259
[2026-04-29T08:33:43] BASELINE_RECALC ip=N/A | condition=recalculation | rate=N/A | baseline=8.97 | stddev=15.01 | samples=260
[2026-04-29T08:34:43] BASELINE_RECALC ip=N/A | condition=recalculation | rate=N/A | baseline=8.97 | stddev=15.01 | samples=261
[2026-04-29T08:35:43] BASELINE_RECALC ip=N/A | condition=recalculation | rate=N/A | baseline=8.91 | stddev=14.97 | samples=262
[2026-04-29T08:35:43] UNBAN ip=41.86.151.122 | condition=rate_multiplier | rate=16 | baseline=8.40 | duration=expired
[2026-04-29T08:36:43] BASELINE_RECALC ip=N/A | condition=recalculation | rate=N/A | baseline=8.83 | stddev=14.90 | samples=265
[2026-04-29T08:37:43] BASELINE_RECALC ip=N/A | condition=recalculation | rate=N/A | baseline=8.83 | stddev=14.90 | samples=266
[2026-04-29T08:38:02] BAN ip=41.86.151.122 | condition=rate_multiplier | rate=27 | baseline=8.77 | duration=1800s
[2026-04-29T08:38:43] BASELINE_RECALC ip=N/A | condition=recalculation | rate=N/A | baseline=8.77 | stddev=14.86 | samples=305
[2026-04-29T08:39:43] BASELINE_RECALC ip=N/A | condition=recalculation | rate=N/A | baseline=10.92 | stddev=15.30 | samples=306
[2026-04-29T08:40:43] BASELINE_RECALC ip=N/A | condition=recalculation | rate=N/A | baseline=10.89 | stddev=15.29 | samples=307
[2026-04-29T08:41:43] BASELINE_RECALC ip=N/A | condition=recalculation | rate=N/A | baseline=10.83 | stddev=15.26 | samples=313
[2026-04-29T08:42:43] BASELINE_RECALC ip=N/A | condition=recalculation | rate=N/A | baseline=11.22 | stddev=15.25 | samples=355
[2026-04-29T08:43:43] BASELINE_RECALC ip=N/A | condition=recalculation | rate=N/A | baseline=11.73 | stddev=15.30 | samples=377
[2026-04-29T08:44:43] BASELINE_RECALC ip=N/A | condition=recalculation | rate=N/A | baseline=11.18 | stddev=15.10 | samples=397
[2026-04-29T08:45:43] BASELINE_RECALC ip=N/A | condition=recalculation | rate=N/A | baseline=10.67 | stddev=14.88 | samples=417
[2026-04-29T08:46:43] BASELINE_RECALC ip=N/A | condition=recalculation | rate=N/A | baseline=10.67 | stddev=14.88 | samples=422
[2026-04-29T08:47:43] BASELINE_RECALC ip=N/A | condition=recalculation | rate=N/A | baseline=10.48 | stddev=14.79 | samples=423
[2026-04-29T08:48:43] BASELINE_RECALC ip=N/A | condition=recalculation | rate=N/A | baseline=10.46 | stddev=14.78 | samples=424
[2026-04-29T08:49:43] BASELINE_RECALC ip=N/A | condition=recalculation | rate=N/A | baseline=10.44 | stddev=14.77 | samples=425
[2026-04-29T08:50:43] BASELINE_RECALC ip=N/A | condition=recalculation | rate=N/A | baseline=10.42 | stddev=14.76 | samples=426
[2026-04-29T08:51:43] BASELINE_RECALC ip=N/A | condition=recalculation | rate=N/A | baseline=10.42 | stddev=14.76 | samples=427
[2026-04-29T08:52:43] BASELINE_RECALC ip=N/A | condition=recalculation | rate=N/A | baseline=10.37 | stddev=14.74 | samples=443
[2026-04-29T08:53:43] BASELINE_RECALC ip=N/A | condition=recalculation | rate=N/A | baseline=9.94 | stddev=14.53 | samples=462
[2026-04-29T08:54:43] BASELINE_RECALC ip=N/A | condition=recalculation | rate=N/A | baseline=9.56 | stddev=14.33 | samples=483
[2026-04-29T08:55:43] BASELINE_RECALC ip=N/A | condition=recalculation | rate=N/A | baseline=9.19 | stddev=14.13 | samples=503
[2026-04-29T08:56:43] BASELINE_RECALC ip=N/A | condition=recalculation | rate=N/A | baseline=8.87 | stddev=13.94 | samples=522
[2026-04-29T08:57:43] BASELINE_RECALC ip=N/A | condition=recalculation | rate=N/A | baseline=8.60 | stddev=13.77 | samples=531
[2026-04-29T08:58:43] BASELINE_RECALC ip=N/A | condition=recalculation | rate=N/A | baseline=8.54 | stddev=13.74 | samples=532
[2026-04-29T08:59:43] BASELINE_RECALC ip=N/A | condition=recalculation | rate=N/A | baseline=8.54 | stddev=13.74 | samples=533
[2026-04-29T09:00:43] BASELINE_RECALC ip=N/A | condition=recalculation | rate=N/A | baseline=8.51 | stddev=13.72 | samples=534
[2026-04-29T09:01:43] BASELINE_RECALC ip=N/A | condition=recalculation | rate=N/A | baseline=8.51 | stddev=13.72 | samples=535
[2026-04-29T09:02:43] BASELINE_RECALC ip=N/A | condition=recalculation | rate=N/A | baseline=8.49 | stddev=13.70 | samples=536
[2026-04-29T09:03:43] BASELINE_RECALC ip=N/A | condition=recalculation | rate=N/A | baseline=8.49 | stddev=13.70 | samples=537
[2026-04-29T09:04:43] BASELINE_RECALC ip=N/A | condition=recalculation | rate=N/A | baseline=8.46 | stddev=13.68 | samples=538
[2026-04-29T09:05:43] BASELINE_RECALC ip=N/A | condition=recalculation | rate=N/A | baseline=8.46 | stddev=13.68 | samples=539
[2026-04-29T09:06:43] BASELINE_RECALC ip=N/A | condition=recalculation | rate=N/A | baseline=8.43 | stddev=13.66 | samples=540
[2026-04-29T09:07:43] BASELINE_RECALC ip=N/A | condition=recalculation | rate=N/A | baseline=8.43 | stddev=13.66 | samples=541
[2026-04-29T09:08:13] UNBAN ip=41.86.151.122 | condition=rate_multiplier | rate=27 | baseline=8.77 | duration=expired
[2026-04-29T09:08:43] BASELINE_RECALC ip=N/A | condition=recalculation | rate=N/A | baseline=8.40 | stddev=13.65 | samples=542
[2026-04-29T09:09:43] BASELINE_RECALC ip=N/A | condition=recalculation | rate=N/A | baseline=8.40 | stddev=13.65 | samples=543
[2026-04-29T09:10:43] BASELINE_RECALC ip=N/A | condition=recalculation | rate=N/A | baseline=8.38 | stddev=13.63 | samples=544
[2026-04-29T09:11:43] BASELINE_RECALC ip=N/A | condition=recalculation | rate=N/A | baseline=8.35 | stddev=13.61 | samples=546
[2026-04-29T09:12:43] BASELINE_RECALC ip=N/A | condition=recalculation | rate=N/A | baseline=8.35 | stddev=13.61 | samples=547
[2026-04-29T09:13:43] BASELINE_RECALC ip=N/A | condition=recalculation | rate=N/A | baseline=8.32 | stddev=13.59 | samples=548
[2026-04-29T09:14:43] BASELINE_RECALC ip=N/A | condition=recalculation | rate=N/A | baseline=8.32 | stddev=13.59 | samples=549
[2026-04-29T09:15:43] BASELINE_RECALC ip=N/A | condition=recalculation | rate=N/A | baseline=8.30 | stddev=13.58 | samples=551
[2026-04-29T09:16:43] BASELINE_RECALC ip=N/A | condition=recalculation | rate=N/A | baseline=8.27 | stddev=13.56 | samples=552
[2026-04-29T09:17:43] BASELINE_RECALC ip=N/A | condition=recalculation | rate=N/A | baseline=8.26 | stddev=13.55 | samples=553
[2026-04-29T09:18:43] BASELINE_RECALC ip=N/A | condition=recalculation | rate=N/A | baseline=8.24 | stddev=13.54 | samples=554
[2026-04-29T09:19:43] BASELINE_RECALC ip=N/A | condition=recalculation | rate=N/A | baseline=8.24 | stddev=13.54 | samples=555
[2026-04-29T09:20:43] BASELINE_RECALC ip=N/A | condition=recalculation | rate=N/A | baseline=8.22 | stddev=13.52 | samples=557
[2026-04-29T09:21:43] BASELINE_RECALC ip=N/A | condition=recalculation | rate=N/A | baseline=8.19 | stddev=13.51 | samples=558
[2026-04-29T09:22:43] BASELINE_RECALC ip=N/A | condition=recalculation | rate=N/A | baseline=8.19 | stddev=13.51 | samples=559
[2026-04-29T09:23:43] BASELINE_RECALC ip=N/A | condition=recalculation | rate=N/A | baseline=8.17 | stddev=13.49 | samples=560
[2026-04-29T09:24:43] BASELINE_RECALC ip=N/A | condition=recalculation | rate=N/A | baseline=8.15 | stddev=13.48 | samples=561
[2026-04-29T09:25:43] BASELINE_RECALC ip=N/A | condition=recalculation | rate=N/A | baseline=8.15 | stddev=13.48 | samples=562
[2026-04-29T09:26:43] BASELINE_RECALC ip=N/A | condition=recalculation | rate=N/A | baseline=8.13 | stddev=13.46 | samples=563
[2026-04-29T09:27:43] BASELINE_RECALC ip=N/A | condition=recalculation | rate=N/A | baseline=8.12 | stddev=13.45 | samples=564
[2026-04-29T09:28:43] BASELINE_RECALC ip=N/A | condition=recalculation | rate=N/A | baseline=8.12 | stddev=13.45 | samples=565
[2026-04-29T09:29:43] BASELINE_RECALC ip=N/A | condition=recalculation | rate=N/A | baseline=8.09 | stddev=13.44 | samples=568
[2026-04-29T09:30:43] BASELINE_RECALC ip=N/A | condition=recalculation | rate=N/A | baseline=8.09 | stddev=13.44 | samples=568
[2026-04-29T09:31:43] BASELINE_RECALC ip=N/A | condition=recalculation | rate=N/A | baseline=8.06 | stddev=13.41 | samples=569
[2026-04-29T09:32:43] BASELINE_RECALC ip=N/A | condition=recalculation | rate=N/A | baseline=8.06 | stddev=13.41 | samples=569
[2026-04-29T09:33:43] BASELINE_RECALC ip=N/A | condition=recalculation | rate=N/A | baseline=8.06 | stddev=13.41 | samples=569
[2026-04-29T09:34:43] BASELINE_RECALC ip=N/A | condition=recalculation | rate=N/A | baseline=8.06 | stddev=13.41 | samples=569
[2026-04-29T09:35:43] BASELINE_RECALC ip=N/A | condition=recalculation | rate=N/A | baseline=8.06 | stddev=13.41 | samples=569
[2026-04-29T09:36:43] BASELINE_RECALC ip=N/A | condition=recalculation | rate=N/A | baseline=8.05 | stddev=13.40 | samples=570
[2026-04-29T09:37:43] BASELINE_RECALC ip=N/A | condition=recalculation | rate=N/A | baseline=8.05 | stddev=13.40 | samples=570
[2026-04-29T09:38:43] BASELINE_RECALC ip=N/A | condition=recalculation | rate=N/A | baseline=8.05 | stddev=13.40 | samples=570
[2026-04-29T09:39:43] BASELINE_RECALC ip=N/A | condition=recalculation | rate=N/A | baseline=8.05 | stddev=13.40 | samples=570
[2026-04-29T09:40:43] BASELINE_RECALC ip=N/A | condition=recalculation | rate=N/A | baseline=8.03 | stddev=13.39 | samples=572
[2026-04-29T09:41:43] BASELINE_RECALC ip=N/A | condition=recalculation | rate=N/A | baseline=8.01 | stddev=13.37 | samples=573
[2026-04-29T09:42:43] BASELINE_RECALC ip=N/A | condition=recalculation | rate=N/A | baseline=7.98 | stddev=13.36 | samples=579
[2026-04-29T09:43:43] BASELINE_RECALC ip=N/A | condition=recalculation | rate=N/A | baseline=7.75 | stddev=13.19 | samples=598
[2026-04-29T09:44:43] BASELINE_RECALC ip=N/A | condition=recalculation | rate=N/A | baseline=7.75 | stddev=13.19 | samples=614
